2019-02-23 10:51:13.084  INFO 24708 --- [restartedMain] fiverr.Fiverr001                         : Starting Fiverr001 on HP02L1WCMA with PID 24708 (C:\Works\Freelance\Fiverr001\backend\target\classes started by chakir in C:\Works\Freelance\Fiverr001)
2019-02-23 10:51:13.091 DEBUG 24708 --- [restartedMain] fiverr.Fiverr001                         : Running with Spring Boot v2.0.1.RELEASE, Spring v5.0.5.RELEASE
2019-02-23 10:51:13.095  INFO 24708 --- [restartedMain] fiverr.Fiverr001                         : No active profile set, falling back to default profiles: default
2019-02-23 10:51:13.213  INFO 24708 --- [restartedMain] ConfigServletWebServerApplicationContext : Refreshing org.springframework.boot.web.servlet.context.AnnotationConfigServletWebServerApplicationContext@542a64be: startup date [Sat Feb 23 10:51:13 CET 2019]; root of context hierarchy
2019-02-23 10:51:15.367  INFO 24708 --- [restartedMain] o.s.b.f.s.DefaultListableBeanFactory     : Overriding bean definition for bean 'jwtUtil' with a different definition: replacing [Generic bean: class [fiverr.util.JwtUtil]; scope=singleton; abstract=false; lazyInit=false; autowireMode=0; dependencyCheck=0; autowireCandidate=true; primary=false; factoryBeanName=null; factoryMethodName=null; initMethodName=null; destroyMethodName=null; defined in file [C:\Works\Freelance\Fiverr001\backend\target\classes\fiverr\util\JwtUtil.class]] with [Root bean: class [null]; scope=; abstract=false; lazyInit=false; autowireMode=3; dependencyCheck=0; autowireCandidate=true; primary=false; factoryBeanName=securityConfiguration; factoryMethodName=jwtUtil; initMethodName=null; destroyMethodName=(inferred); defined in class path resource [fiverr/configuration/SecurityConfiguration.class]]
2019-02-23 10:51:17.168  INFO 24708 --- [restartedMain] trationDelegate$BeanPostProcessorChecker : Bean 'org.springframework.transaction.annotation.ProxyTransactionManagementConfiguration' of type [org.springframework.transaction.annotation.ProxyTransactionManagementConfiguration$$EnhancerBySpringCGLIB$$b8c78e51] is not eligible for getting processed by all BeanPostProcessors (for example: not eligible for auto-proxying)
2019-02-23 10:51:17.290  INFO 24708 --- [restartedMain] trationDelegate$BeanPostProcessorChecker : Bean 'org.springframework.security.config.annotation.configuration.ObjectPostProcessorConfiguration' of type [org.springframework.security.config.annotation.configuration.ObjectPostProcessorConfiguration$$EnhancerBySpringCGLIB$$5175568b] is not eligible for getting processed by all BeanPostProcessors (for example: not eligible for auto-proxying)
2019-02-23 10:51:17.309  INFO 24708 --- [restartedMain] trationDelegate$BeanPostProcessorChecker : Bean 'objectPostProcessor' of type [org.springframework.security.config.annotation.configuration.AutowireBeanFactoryObjectPostProcessor] is not eligible for getting processed by all BeanPostProcessors (for example: not eligible for auto-proxying)
2019-02-23 10:51:17.315  INFO 24708 --- [restartedMain] trationDelegate$BeanPostProcessorChecker : Bean 'org.springframework.security.access.expression.method.DefaultMethodSecurityExpressionHandler@5849dc26' of type [org.springframework.security.access.expression.method.DefaultMethodSecurityExpressionHandler] is not eligible for getting processed by all BeanPostProcessors (for example: not eligible for auto-proxying)
2019-02-23 10:51:17.335  INFO 24708 --- [restartedMain] trationDelegate$BeanPostProcessorChecker : Bean 'org.springframework.security.config.annotation.method.configuration.GlobalMethodSecurityConfiguration' of type [org.springframework.security.config.annotation.method.configuration.GlobalMethodSecurityConfiguration$$EnhancerBySpringCGLIB$$7649f93d] is not eligible for getting processed by all BeanPostProcessors (for example: not eligible for auto-proxying)
2019-02-23 10:51:17.355  INFO 24708 --- [restartedMain] trationDelegate$BeanPostProcessorChecker : Bean 'methodSecurityMetadataSource' of type [org.springframework.security.access.method.DelegatingMethodSecurityMetadataSource] is not eligible for getting processed by all BeanPostProcessors (for example: not eligible for auto-proxying)
2019-02-23 10:51:18.480  INFO 24708 --- [restartedMain] o.s.b.w.embedded.tomcat.TomcatWebServer  : Tomcat initialized with port(s): 8081 (http)
2019-02-23 10:51:18.521  INFO 24708 --- [restartedMain] o.apache.catalina.core.StandardService   : Starting service [Tomcat]
2019-02-23 10:51:18.522  INFO 24708 --- [restartedMain] org.apache.catalina.core.StandardEngine  : Starting Servlet Engine: Apache Tomcat/8.5.29
2019-02-23 10:51:18.529  INFO 24708 --- [localhost-startStop-1] o.a.catalina.core.AprLifecycleListener   : The APR based Apache Tomcat Native library which allows optimal performance in production environments was not found on the java.library.path: [C:\Program Files\Java\jdk1.8.0_201\bin;C:\Windows\Sun\Java\bin;C:\Windows\system32;C:\Windows;C:\Program Files (x86)\Common Files\Oracle\Java\javapath;C:\Windows\system32;C:\Windows;C:\Windows\System32\Wbem;C:\Windows\System32\WindowsPowerShell\v1.0\;C:\Windows\System32\OpenSSH\;C:\Program Files\nodejs\;C:\Program Files\Apache Software Foundation\apache-maven-3.6.0\bin\;C:\Program Files\Git\cmd;C:\Program Files\Java\jdk-11.0.2\bin\;C:\Program Files\SlikSvn\bin;C:\Users\chakir\AppData\Local\Microsoft\WindowsApps;C:\Users\chakir\AppData\Roaming\npm;C:\Users\chakir\AppData\Local\Programs\Microsoft VS Code\bin;.]
2019-02-23 10:51:18.678  INFO 24708 --- [localhost-startStop-1] o.a.c.c.C.[Tomcat].[localhost].[/]       : Initializing Spring embedded WebApplicationContext
2019-02-23 10:51:19.106  INFO 24708 --- [localhost-startStop-1] o.s.b.w.servlet.FilterRegistrationBean   : Mapping filter: 'characterEncodingFilter' to: [/*]
2019-02-23 10:51:19.107  INFO 24708 --- [localhost-startStop-1] o.s.b.w.servlet.FilterRegistrationBean   : Mapping filter: 'hiddenHttpMethodFilter' to: [/*]
2019-02-23 10:51:19.107  INFO 24708 --- [localhost-startStop-1] o.s.b.w.servlet.FilterRegistrationBean   : Mapping filter: 'httpPutFormContentFilter' to: [/*]
2019-02-23 10:51:19.107  INFO 24708 --- [localhost-startStop-1] o.s.b.w.servlet.FilterRegistrationBean   : Mapping filter: 'requestContextFilter' to: [/*]
2019-02-23 10:51:19.108  INFO 24708 --- [localhost-startStop-1] .s.DelegatingFilterProxyRegistrationBean : Mapping filter: 'springSecurityFilterChain' to: [/*]
2019-02-23 10:51:19.109  INFO 24708 --- [localhost-startStop-1] o.s.b.w.servlet.ServletRegistrationBean  : Servlet dispatcherServlet mapped to [/]
2019-02-23 10:51:19.543  INFO 24708 --- [restartedMain] com.zaxxer.hikari.HikariDataSource       : HikariPool-1 - Starting...
2019-02-23 10:51:19.814  INFO 24708 --- [restartedMain] com.zaxxer.hikari.HikariDataSource       : HikariPool-1 - Start completed.
2019-02-23 10:51:20.025  INFO 24708 --- [restartedMain] j.LocalContainerEntityManagerFactoryBean : Building JPA container EntityManagerFactory for persistence unit 'default'
2019-02-23 10:51:20.071  INFO 24708 --- [restartedMain] o.hibernate.jpa.internal.util.LogHelper  : HHH000204: Processing PersistenceUnitInfo [
	name: default
	...]
2019-02-23 10:51:20.422  INFO 24708 --- [restartedMain] org.hibernate.Version                    : HHH000412: Hibernate Core {5.2.16.Final}
2019-02-23 10:51:20.426  INFO 24708 --- [restartedMain] org.hibernate.cfg.Environment            : HHH000206: hibernate.properties not found
2019-02-23 10:51:20.520  INFO 24708 --- [restartedMain] o.hibernate.annotations.common.Version   : HCANN000001: Hibernate Commons Annotations {5.0.1.Final}
2019-02-23 10:51:20.886  INFO 24708 --- [restartedMain] org.hibernate.dialect.Dialect            : HHH000400: Using dialect: org.hibernate.dialect.MySQL5Dialect
2019-02-23 10:51:20.990  INFO 24708 --- [restartedMain] o.h.e.boot.internal.EnversServiceImpl    : Envers integration enabled? : true
2019-02-23 10:51:24.887  INFO 24708 --- [restartedMain] o.h.t.schema.internal.SchemaCreatorImpl  : HHH000476: Executing import script 'org.hibernate.tool.schema.internal.exec.ScriptSourceInputNonExistentImpl@784394b0'
2019-02-23 10:51:24.896  INFO 24708 --- [restartedMain] j.LocalContainerEntityManagerFactoryBean : Initialized JPA EntityManagerFactory for persistence unit 'default'
2019-02-23 10:51:24.941  WARN 24708 --- [restartedMain] f.a.AutowiredAnnotationBeanPostProcessor : Autowired annotation is not supported on static fields: public static java.lang.String fiverr.configuration.AppConstants.FE_PATH
2019-02-23 10:51:25.969  INFO 24708 --- [restartedMain] o.h.h.i.QueryTranslatorFactoryInitiator  : HHH000397: Using ASTQueryTranslatorFactory
2019-02-23 10:51:27.911  INFO 24708 --- [restartedMain] o.s.s.web.DefaultSecurityFilterChain     : Creating filter chain: org.springframework.security.web.util.matcher.AnyRequestMatcher@1, [org.springframework.security.web.context.request.async.WebAsyncManagerIntegrationFilter@36042a60, org.springframework.security.web.context.SecurityContextPersistenceFilter@72b84ca6, org.springframework.security.web.header.HeaderWriterFilter@7bc39c03, org.springframework.security.web.authentication.logout.LogoutFilter@66c78b24, fiverr.filter.CorsFilter@38a95a2f, fiverr.filter.JwtAuthenticationFilter@9853cbf, org.springframework.security.web.savedrequest.RequestCacheAwareFilter@54157314, org.springframework.security.web.servletapi.SecurityContextHolderAwareRequestFilter@3e06ff57, org.springframework.security.web.authentication.AnonymousAuthenticationFilter@41430949, org.springframework.security.web.session.SessionManagementFilter@165c5952, org.springframework.security.web.access.ExceptionTranslationFilter@50475283, org.springframework.security.web.access.intercept.FilterSecurityInterceptor@3cffdb51]
2019-02-23 10:51:28.721  WARN 24708 --- [restartedMain] aWebConfiguration$JpaWebMvcConfiguration : spring.jpa.open-in-view is enabled by default. Therefore, database queries may be performed during view rendering. Explicitly configure spring.jpa.open-in-view to disable this warning
2019-02-23 10:51:29.951  INFO 24708 --- [restartedMain] o.s.b.d.a.OptionalLiveReloadServer       : LiveReload server is running on port 35729
2019-02-23 10:51:30.042  INFO 24708 --- [restartedMain] o.s.j.e.a.AnnotationMBeanExporter        : Registering beans for JMX exposure on startup
2019-02-23 10:51:30.045  INFO 24708 --- [restartedMain] o.s.j.e.a.AnnotationMBeanExporter        : Bean with name 'dataSource' has been autodetected for JMX exposure
2019-02-23 10:51:30.056  INFO 24708 --- [restartedMain] o.s.j.e.a.AnnotationMBeanExporter        : Located MBean 'dataSource': registering with JMX server as MBean [com.zaxxer.hikari:name=dataSource,type=HikariDataSource]
2019-02-23 10:51:30.140  INFO 24708 --- [restartedMain] o.s.b.w.embedded.tomcat.TomcatWebServer  : Tomcat started on port(s): 8081 (http) with context path ''
2019-02-23 10:51:30.147  INFO 24708 --- [restartedMain] fiverr.Fiverr001                         : Started Fiverr001 in 17.828 seconds (JVM running for 21.061)
2019-02-23 10:54:52.031  INFO 24708 --- [http-nio-8081-exec-1] o.a.c.c.C.[Tomcat].[localhost].[/]       : Initializing Spring FrameworkServlet 'dispatcherServlet'
2019-02-23 10:56:52.809 DEBUG 24708 --- [http-nio-8081-exec-6] fiverr.service.impl.UserServiceImpl      : New registration: Registration(name=yassine, surname=chakir, email=chakirpay@gmail.com, password=password)
2019-02-23 10:56:53.684 DEBUG 24708 --- [SimpleAsyncTaskExecutor-45] fiverr.service.impl.EmailServiceImpl     : sendEmailValidation() :: Sending registration email for: RegistrationEvent(token=Token(id=1, token=4cc9a894-8670-42a0-80e7-2783c29a478d, user=BaseEntity(created=2019-02-23T10:56:53.478, updated=2019-02-23T10:56:53.478, deleted=false, createdBy=anonymousUser, modifiedBy=anonymousUser), expireDate=2019-02-24T10:56:53.615, type=REGISTRATION, used=false), locale=fr_FR)
2019-02-23 10:56:57.326 DEBUG 24708 --- [SimpleAsyncTaskExecutor-45] fiverr.service.impl.EmailServiceImpl     : sendEmailValidation() :: Sending registration email for: RegistrationEvent(token=Token(id=1, token=4cc9a894-8670-42a0-80e7-2783c29a478d, user=BaseEntity(created=2019-02-23T10:56:53.478, updated=2019-02-23T10:56:53.478, deleted=false, createdBy=anonymousUser, modifiedBy=anonymousUser), expireDate=2019-02-24T10:56:53.615, type=REGISTRATION, used=false), locale=fr_FR) - End
2019-02-23 10:59:04.784 DEBUG 24708 --- [http-nio-8081-exec-2] fiverr.filter.JwtAuthenticationFilter    : Request is to process authentication
2019-02-23 12:03:40.798 DEBUG 24708 --- [http-nio-8081-exec-9] fiverr.filter.JwtAuthenticationFilter    : Request is to process authentication
